2025-06-05T03:50:26,674 - Requests4XX.Count:1.0|#Level:Host|#hostname:DESKTOP-G57G3K8,timestamp:1749095426
2025-06-05T03:50:27,625 - Requests4XX.Count:1.0|#Level:Host|#hostname:DESKTOP-G57G3K8,timestamp:1749095427
2025-06-05T03:52:57,985 - Requests2XX.Count:1.0|#Level:Host|#hostname:DESKTOP-G57G3K8,timestamp:1749095577
2025-06-05T04:26:14,059 - Requests4XX.Count:1.0|#Level:Host|#hostname:DESKTOP-G57G3K8,timestamp:1749097574
2025-06-05T06:28:54,882 - WorkerLoadTime.Milliseconds:1275.0|#WorkerName:W-9001-thieudong_1.0,Level:Host|#hostname:DESKTOP-G57G3K8,timestamp:1749104934
2025-06-05T06:28:54,882 - WorkerLoadTime.Milliseconds:1350.0|#WorkerName:W-9000-xuoc_1.0,Level:Host|#hostname:DESKTOP-G57G3K8,timestamp:1749104934
2025-06-05T06:28:54,883 - WorkerThreadTime.Milliseconds:4.0|#Level:Host|#hostname:DESKTOP-G57G3K8,timestamp:1749104934
2025-06-05T06:28:54,883 - WorkerThreadTime.Milliseconds:4.0|#Level:Host|#hostname:DESKTOP-G57G3K8,timestamp:1749104934
2025-06-05T06:28:54,883 - WorkerLoadTime.Milliseconds:1201.0|#WorkerName:W-9002-vetlom_1.0,Level:Host|#hostname:DESKTOP-G57G3K8,timestamp:1749104934
2025-06-05T06:28:54,884 - WorkerThreadTime.Milliseconds:1.0|#Level:Host|#hostname:DESKTOP-G57G3K8,timestamp:1749104934
2025-06-05T06:28:54,886 - WorkerLoadTime.Milliseconds:1133.0|#WorkerName:W-9003-bamdinh_1.0,Level:Host|#hostname:DESKTOP-G57G3K8,timestamp:1749104934
2025-06-05T06:28:54,886 - WorkerThreadTime.Milliseconds:2.0|#Level:Host|#hostname:DESKTOP-G57G3K8,timestamp:1749104934
2025-06-05T06:28:54,910 - WorkerLoadTime.Milliseconds:1085.0|#WorkerName:W-9004-nganmach_1.0,Level:Host|#hostname:DESKTOP-G57G3K8,timestamp:1749104934
2025-06-05T06:28:54,911 - WorkerThreadTime.Milliseconds:1.0|#Level:Host|#hostname:DESKTOP-G57G3K8,timestamp:1749104934
2025-06-05T06:28:54,945 - WorkerLoadTime.Milliseconds:1049.0|#WorkerName:W-9005-divatma_1.0,Level:Host|#hostname:DESKTOP-G57G3K8,timestamp:1749104934
2025-06-05T06:28:54,945 - WorkerThreadTime.Milliseconds:2.0|#Level:Host|#hostname:DESKTOP-G57G3K8,timestamp:1749104934
2025-06-05T06:28:59,073 - Requests4XX.Count:1.0|#Level:Host|#hostname:DESKTOP-G57G3K8,timestamp:1749104939
2025-06-05T09:00:37,780 - WorkerLoadTime.Milliseconds:1685.0|#WorkerName:W-9000-xuoc_1.0,Level:Host|#hostname:DESKTOP-G57G3K8,timestamp:1749114037
2025-06-05T09:00:37,780 - WorkerLoadTime.Milliseconds:1323.0|#WorkerName:W-9005-divatma_1.0,Level:Host|#hostname:DESKTOP-G57G3K8,timestamp:1749114037
2025-06-05T09:00:37,780 - WorkerLoadTime.Milliseconds:1537.0|#WorkerName:W-9002-vetlom_1.0,Level:Host|#hostname:DESKTOP-G57G3K8,timestamp:1749114037
2025-06-05T09:00:37,780 - WorkerThreadTime.Milliseconds:4.0|#Level:Host|#hostname:DESKTOP-G57G3K8,timestamp:1749114037
2025-06-05T09:00:37,781 - WorkerThreadTime.Milliseconds:4.0|#Level:Host|#hostname:DESKTOP-G57G3K8,timestamp:1749114037
2025-06-05T09:00:37,781 - WorkerThreadTime.Milliseconds:2.0|#Level:Host|#hostname:DESKTOP-G57G3K8,timestamp:1749114037
2025-06-05T09:00:37,782 - WorkerLoadTime.Milliseconds:1613.0|#WorkerName:W-9001-thieudong_1.0,Level:Host|#hostname:DESKTOP-G57G3K8,timestamp:1749114037
2025-06-05T09:00:37,782 - WorkerThreadTime.Milliseconds:3.0|#Level:Host|#hostname:DESKTOP-G57G3K8,timestamp:1749114037
2025-06-05T09:00:37,788 - WorkerLoadTime.Milliseconds:1475.0|#WorkerName:W-9003-bamdinh_1.0,Level:Host|#hostname:DESKTOP-G57G3K8,timestamp:1749114037
2025-06-05T09:00:37,788 - WorkerThreadTime.Milliseconds:3.0|#Level:Host|#hostname:DESKTOP-G57G3K8,timestamp:1749114037
2025-06-05T09:00:37,791 - WorkerLoadTime.Milliseconds:1405.0|#WorkerName:W-9004-nganmach_1.0,Level:Host|#hostname:DESKTOP-G57G3K8,timestamp:1749114037
2025-06-05T09:00:37,791 - WorkerThreadTime.Milliseconds:3.0|#Level:Host|#hostname:DESKTOP-G57G3K8,timestamp:1749114037
2025-06-05T09:02:37,575 - WorkerLoadTime.Milliseconds:1160.0|#WorkerName:W-9004-nganmach_1.0,Level:Host|#hostname:DESKTOP-G57G3K8,timestamp:1749114157
2025-06-05T09:02:37,575 - WorkerLoadTime.Milliseconds:1376.0|#WorkerName:W-9001-thieudong_1.0,Level:Host|#hostname:DESKTOP-G57G3K8,timestamp:1749114157
2025-06-05T09:02:37,575 - WorkerLoadTime.Milliseconds:1232.0|#WorkerName:W-9003-bamdinh_1.0,Level:Host|#hostname:DESKTOP-G57G3K8,timestamp:1749114157
2025-06-05T09:02:37,575 - WorkerThreadTime.Milliseconds:3.0|#Level:Host|#hostname:DESKTOP-G57G3K8,timestamp:1749114157
2025-06-05T09:02:37,575 - WorkerThreadTime.Milliseconds:1.0|#Level:Host|#hostname:DESKTOP-G57G3K8,timestamp:1749114157
2025-06-05T09:02:37,576 - WorkerThreadTime.Milliseconds:18.0|#Level:Host|#hostname:DESKTOP-G57G3K8,timestamp:1749114157
2025-06-05T09:02:37,579 - WorkerLoadTime.Milliseconds:1453.0|#WorkerName:W-9000-xuoc_1.0,Level:Host|#hostname:DESKTOP-G57G3K8,timestamp:1749114157
2025-06-05T09:02:37,579 - WorkerThreadTime.Milliseconds:17.0|#Level:Host|#hostname:DESKTOP-G57G3K8,timestamp:1749114157
2025-06-05T09:02:37,583 - WorkerLoadTime.Milliseconds:1311.0|#WorkerName:W-9002-vetlom_1.0,Level:Host|#hostname:DESKTOP-G57G3K8,timestamp:1749114157
2025-06-05T09:02:37,583 - WorkerThreadTime.Milliseconds:2.0|#Level:Host|#hostname:DESKTOP-G57G3K8,timestamp:1749114157
2025-06-05T09:02:37,608 - WorkerLoadTime.Milliseconds:1121.0|#WorkerName:W-9005-divatma_1.0,Level:Host|#hostname:DESKTOP-G57G3K8,timestamp:1749114157
2025-06-05T09:02:37,608 - WorkerThreadTime.Milliseconds:0.0|#Level:Host|#hostname:DESKTOP-G57G3K8,timestamp:1749114157
2025-06-05T09:03:21,467 - WorkerLoadTime.Milliseconds:1295.0|#WorkerName:W-9000-xuoc_1.0,Level:Host|#hostname:DESKTOP-G57G3K8,timestamp:1749114201
2025-06-05T09:03:21,467 - WorkerThreadTime.Milliseconds:3.0|#Level:Host|#hostname:DESKTOP-G57G3K8,timestamp:1749114201
2025-06-05T09:03:21,473 - WorkerLoadTime.Milliseconds:1218.0|#WorkerName:W-9001-thieudong_1.0,Level:Host|#hostname:DESKTOP-G57G3K8,timestamp:1749114201
2025-06-05T09:03:21,474 - WorkerThreadTime.Milliseconds:1.0|#Level:Host|#hostname:DESKTOP-G57G3K8,timestamp:1749114201
2025-06-05T09:03:21,511 - WorkerLoadTime.Milliseconds:1169.0|#WorkerName:W-9002-vetlom_1.0,Level:Host|#hostname:DESKTOP-G57G3K8,timestamp:1749114201
2025-06-05T09:03:21,511 - WorkerThreadTime.Milliseconds:1.0|#Level:Host|#hostname:DESKTOP-G57G3K8,timestamp:1749114201
2025-06-05T09:03:21,544 - WorkerLoadTime.Milliseconds:1120.0|#WorkerName:W-9003-bamdinh_1.0,Level:Host|#hostname:DESKTOP-G57G3K8,timestamp:1749114201
2025-06-05T09:03:21,544 - WorkerThreadTime.Milliseconds:1.0|#Level:Host|#hostname:DESKTOP-G57G3K8,timestamp:1749114201
2025-06-05T09:03:21,707 - WorkerLoadTime.Milliseconds:1207.0|#WorkerName:W-9004-nganmach_1.0,Level:Host|#hostname:DESKTOP-G57G3K8,timestamp:1749114201
2025-06-05T09:03:21,707 - WorkerThreadTime.Milliseconds:1.0|#Level:Host|#hostname:DESKTOP-G57G3K8,timestamp:1749114201
2025-06-05T09:03:21,740 - WorkerLoadTime.Milliseconds:1162.0|#WorkerName:W-9005-divatma_1.0,Level:Host|#hostname:DESKTOP-G57G3K8,timestamp:1749114201
2025-06-05T09:03:21,740 - WorkerThreadTime.Milliseconds:1.0|#Level:Host|#hostname:DESKTOP-G57G3K8,timestamp:1749114201
2025-06-05T09:03:24,410 - Requests4XX.Count:1.0|#Level:Host|#hostname:DESKTOP-G57G3K8,timestamp:1749114204
2025-06-05T09:10:06,529 - ts_inference_requests_total.Count:1.0|#model_name:bamdinh,model_version:default|#hostname:DESKTOP-G57G3K8,timestamp:1749114606
2025-06-05T09:10:06,605 - Requests5XX.Count:1.0|#Level:Host|#hostname:DESKTOP-G57G3K8,timestamp:1749114606
2025-06-05T09:10:06,606 - WorkerThreadTime.Milliseconds:3.0|#Level:Host|#hostname:DESKTOP-G57G3K8,timestamp:1749114606
2025-06-05T09:11:46,859 - ts_inference_requests_total.Count:1.0|#model_name:bamdinh,model_version:default|#hostname:DESKTOP-G57G3K8,timestamp:1749114706
2025-06-05T09:11:46,865 - Requests5XX.Count:1.0|#Level:Host|#hostname:DESKTOP-G57G3K8,timestamp:1749114706
2025-06-05T09:11:46,865 - WorkerThreadTime.Milliseconds:2.0|#Level:Host|#hostname:DESKTOP-G57G3K8,timestamp:1749114706
2025-06-05T09:14:29,730 - ts_inference_requests_total.Count:1.0|#model_name:bamdinh,model_version:default|#hostname:DESKTOP-G57G3K8,timestamp:1749114869
2025-06-05T09:14:29,732 - Requests5XX.Count:1.0|#Level:Host|#hostname:DESKTOP-G57G3K8,timestamp:1749114869
2025-06-05T09:14:29,733 - WorkerThreadTime.Milliseconds:1.0|#Level:Host|#hostname:DESKTOP-G57G3K8,timestamp:1749114869
2025-06-05T09:14:47,521 - Requests2XX.Count:1.0|#Level:Host|#hostname:DESKTOP-G57G3K8,timestamp:1749114887
2025-06-05T09:18:10,212 - WorkerLoadTime.Milliseconds:1278.0|#WorkerName:W-9002-nganmach_1.0,Level:Host|#hostname:DESKTOP-G57G3K8,timestamp:1749115090
2025-06-05T09:18:10,213 - WorkerThreadTime.Milliseconds:3.0|#Level:Host|#hostname:DESKTOP-G57G3K8,timestamp:1749115090
2025-06-05T09:18:10,230 - WorkerLoadTime.Milliseconds:1223.0|#WorkerName:W-9003-xuoc_1.0,Level:Host|#hostname:DESKTOP-G57G3K8,timestamp:1749115090
2025-06-05T09:18:10,230 - WorkerThreadTime.Milliseconds:2.0|#Level:Host|#hostname:DESKTOP-G57G3K8,timestamp:1749115090
2025-06-05T09:18:10,240 - WorkerLoadTime.Milliseconds:1381.0|#WorkerName:W-9001-vetlom_1.0,Level:Host|#hostname:DESKTOP-G57G3K8,timestamp:1749115090
2025-06-05T09:18:10,240 - WorkerThreadTime.Milliseconds:1.0|#Level:Host|#hostname:DESKTOP-G57G3K8,timestamp:1749115090
2025-06-05T09:18:10,240 - WorkerLoadTime.Milliseconds:1455.0|#WorkerName:W-9000-divatma_1.0,Level:Host|#hostname:DESKTOP-G57G3K8,timestamp:1749115090
2025-06-05T09:18:10,240 - WorkerThreadTime.Milliseconds:2.0|#Level:Host|#hostname:DESKTOP-G57G3K8,timestamp:1749115090
2025-06-05T09:18:10,247 - WorkerLoadTime.Milliseconds:1164.0|#WorkerName:W-9004-bamdinh_1.0,Level:Host|#hostname:DESKTOP-G57G3K8,timestamp:1749115090
2025-06-05T09:18:10,247 - WorkerThreadTime.Milliseconds:0.0|#Level:Host|#hostname:DESKTOP-G57G3K8,timestamp:1749115090
2025-06-05T09:18:10,272 - WorkerLoadTime.Milliseconds:1094.0|#WorkerName:W-9005-thieudong_1.0,Level:Host|#hostname:DESKTOP-G57G3K8,timestamp:1749115090
2025-06-05T09:18:10,272 - WorkerThreadTime.Milliseconds:4.0|#Level:Host|#hostname:DESKTOP-G57G3K8,timestamp:1749115090
2025-06-05T09:18:19,985 - Requests4XX.Count:1.0|#Level:Host|#hostname:DESKTOP-G57G3K8,timestamp:1749115099
2025-06-05T09:19:32,893 - ts_inference_requests_total.Count:1.0|#model_name:bamdinh,model_version:default|#hostname:DESKTOP-G57G3K8,timestamp:1749115172
2025-06-05T09:19:32,953 - Requests5XX.Count:1.0|#Level:Host|#hostname:DESKTOP-G57G3K8,timestamp:1749115172
2025-06-05T09:19:32,954 - WorkerThreadTime.Milliseconds:1.0|#Level:Host|#hostname:DESKTOP-G57G3K8,timestamp:1749115172
2025-06-05T09:30:04,344 - WorkerLoadTime.Milliseconds:1226.0|#WorkerName:W-9003-bamdinh_1.0,Level:Host|#hostname:DESKTOP-G57G3K8,timestamp:1749115804
2025-06-05T09:30:04,345 - WorkerThreadTime.Milliseconds:4.0|#Level:Host|#hostname:DESKTOP-G57G3K8,timestamp:1749115804
2025-06-05T09:30:04,348 - WorkerLoadTime.Milliseconds:1161.0|#WorkerName:W-9004-nganmach_1.0,Level:Host|#hostname:DESKTOP-G57G3K8,timestamp:1749115804
2025-06-05T09:30:04,348 - WorkerLoadTime.Milliseconds:1448.0|#WorkerName:W-9000-xuoc_1.0,Level:Host|#hostname:DESKTOP-G57G3K8,timestamp:1749115804
2025-06-05T09:30:04,349 - WorkerThreadTime.Milliseconds:1.0|#Level:Host|#hostname:DESKTOP-G57G3K8,timestamp:1749115804
2025-06-05T09:30:04,349 - WorkerThreadTime.Milliseconds:3.0|#Level:Host|#hostname:DESKTOP-G57G3K8,timestamp:1749115804
2025-06-05T09:30:04,359 - WorkerLoadTime.Milliseconds:1313.0|#WorkerName:W-9002-vetlom_1.0,Level:Host|#hostname:DESKTOP-G57G3K8,timestamp:1749115804
2025-06-05T09:30:04,359 - WorkerThreadTime.Milliseconds:0.0|#Level:Host|#hostname:DESKTOP-G57G3K8,timestamp:1749115804
2025-06-05T09:30:04,379 - WorkerLoadTime.Milliseconds:1405.0|#WorkerName:W-9001-thieudong_1.0,Level:Host|#hostname:DESKTOP-G57G3K8,timestamp:1749115804
2025-06-05T09:30:04,380 - WorkerThreadTime.Milliseconds:3.0|#Level:Host|#hostname:DESKTOP-G57G3K8,timestamp:1749115804
2025-06-05T09:30:04,404 - WorkerLoadTime.Milliseconds:1141.0|#WorkerName:W-9005-divatma_1.0,Level:Host|#hostname:DESKTOP-G57G3K8,timestamp:1749115804
2025-06-05T09:30:04,405 - WorkerThreadTime.Milliseconds:6.0|#Level:Host|#hostname:DESKTOP-G57G3K8,timestamp:1749115804
2025-06-05T09:30:09,863 - Requests4XX.Count:1.0|#Level:Host|#hostname:DESKTOP-G57G3K8,timestamp:1749115809
2025-06-05T09:31:15,612 - ts_inference_requests_total.Count:1.0|#model_name:bamdinh,model_version:default|#hostname:DESKTOP-G57G3K8,timestamp:1749115875
2025-06-05T09:31:15,761 - Requests2XX.Count:1.0|#Level:Host|#hostname:DESKTOP-G57G3K8,timestamp:1749115875
2025-06-05T09:31:15,765 - ts_inference_latency_microseconds.Microseconds:146122.794|#model_name:bamdinh,model_version:default|#hostname:DESKTOP-G57G3K8,timestamp:1749115875
2025-06-05T09:31:15,765 - ts_queue_latency_microseconds.Microseconds:114.469|#model_name:bamdinh,model_version:default|#hostname:DESKTOP-G57G3K8,timestamp:1749115875
2025-06-05T09:31:15,765 - QueueTime.Milliseconds:0.0|#Level:Host|#hostname:DESKTOP-G57G3K8,timestamp:1749115875
2025-06-05T09:31:15,766 - WorkerThreadTime.Milliseconds:8.0|#Level:Host|#hostname:DESKTOP-G57G3K8,timestamp:1749115875
2025-06-05T09:31:52,374 - ts_inference_requests_total.Count:1.0|#model_name:bamdinh,model_version:default|#hostname:DESKTOP-G57G3K8,timestamp:1749115912
2025-06-05T09:32:03,771 - Requests2XX.Count:1.0|#Level:Host|#hostname:DESKTOP-G57G3K8,timestamp:1749115923
2025-06-05T09:32:03,771 - ts_inference_latency_microseconds.Microseconds:87278.573|#model_name:bamdinh,model_version:default|#hostname:DESKTOP-G57G3K8,timestamp:1749115923
2025-06-05T09:32:03,771 - ts_queue_latency_microseconds.Microseconds:205.327|#model_name:bamdinh,model_version:default|#hostname:DESKTOP-G57G3K8,timestamp:1749115923
2025-06-05T09:32:03,771 - QueueTime.Milliseconds:0.0|#Level:Host|#hostname:DESKTOP-G57G3K8,timestamp:1749115923
2025-06-05T09:32:03,771 - WorkerThreadTime.Milliseconds:1.0|#Level:Host|#hostname:DESKTOP-G57G3K8,timestamp:1749115923
2025-06-05T09:34:09,725 - ts_inference_requests_total.Count:1.0|#model_name:bamdinh,model_version:default|#hostname:DESKTOP-G57G3K8,timestamp:1749116049
2025-06-05T09:34:09,796 - Requests2XX.Count:1.0|#Level:Host|#hostname:DESKTOP-G57G3K8,timestamp:1749116049
2025-06-05T09:34:09,796 - ts_inference_latency_microseconds.Microseconds:69810.22|#model_name:bamdinh,model_version:default|#hostname:DESKTOP-G57G3K8,timestamp:1749116049
2025-06-05T09:34:09,796 - ts_queue_latency_microseconds.Microseconds:86.839|#model_name:bamdinh,model_version:default|#hostname:DESKTOP-G57G3K8,timestamp:1749116049
2025-06-05T09:34:09,796 - QueueTime.Milliseconds:0.0|#Level:Host|#hostname:DESKTOP-G57G3K8,timestamp:1749116049
2025-06-05T09:34:09,796 - WorkerThreadTime.Milliseconds:1.0|#Level:Host|#hostname:DESKTOP-G57G3K8,timestamp:1749116049
